#
# There is insufficient memory for the Java Runtime Environment to continue.
# Native memory allocation (malloc) failed to allocate 32744 bytes for ChunkPool::allocate
# Possible reasons:
#   The system is out of physical RAM or swap space
#   In 32 bit mode, the process size limit was hit
# Possible solutions:
#   Reduce memory load on the system
#   Increase physical memory or swap space
#   Check if swap backing store is full
#   Use 64 bit Java on a 64 bit OS
#   Decrease Java heap size (-Xmx/-Xms)
#   Decrease number of Java threads
#   Decrease Java thread stack sizes (-Xss)
#   Set larger code cache with -XX:ReservedCodeCacheSize=
# This output file may be truncated or incomplete.
#
#  Out of Memory Error (allocation.cpp:273), pid=20484, tid=0x0000000000004854
#
# JRE version: Java(TM) SE Runtime Environment (8.0_151-b12) (build 1.8.0_151-b12)
# Java VM: Java HotSpot(TM) 64-Bit Server VM (25.151-b12 mixed mode windows-amd64 compressed oops)
# Failed to write core dump. Minidumps are not enabled by default on client versions of Windows
#

---------------  T H R E A D  ---------------

Current thread (0x000000001eea3800):  JavaThread "C2 CompilerThread2" daemon [_thread_in_native, id=18516, stack(0x000000001f810000,0x000000001f910000)]

Stack: [0x000000001f810000,0x000000001f910000]
[error occurred during error reporting (printing stack bounds), id 0xc0000005]

Native frames: (J=compiled Java code, j=interpreted, Vv=VM code, C=native code)


Current CompileTask:
C2:  97348 6346   !   4       org.springframework.util.ReflectionUtils::doWithLocalMethods (91 bytes)


---------------  P R O C E S S  ---------------

Java Threads: ( => current thread )
  0x0000000024a03800 JavaThread "lettuce-eventExecutorLoop-5-2" daemon [_thread_blocked, id=23212, stack(0x0000000036680000,0x0000000036780000)]
  0x0000000024a04800 JavaThread "lettuce-nioEventLoop-7-2" daemon [_thread_in_native, id=11100, stack(0x0000000036580000,0x0000000036680000)]
  0x00000000249ff000 JavaThread "springSessionRedisMessageListenerContainer-2" [_thread_blocked, id=19348, stack(0x0000000036480000,0x0000000036580000)]
  0x0000000024a03000 JavaThread "springSessionRedisMessageListenerContainer-1" [_thread_blocked, id=21068, stack(0x0000000036380000,0x0000000036480000)]
  0x0000000024a01800 JavaThread "http-nio-8088-Acceptor" daemon [_thread_in_native, id=5668, stack(0x0000000036280000,0x0000000036380000)]
  0x0000000024a02000 JavaThread "http-nio-8088-ClientPoller" daemon [_thread_in_native, id=5344, stack(0x0000000036180000,0x0000000036280000)]
  0x00000000249f7800 JavaThread "http-nio-8088-exec-10" daemon [_thread_blocked, id=19988, stack(0x0000000036080000,0x0000000036180000)]
  0x00000000249fd800 JavaThread "http-nio-8088-exec-9" daemon [_thread_blocked, id=4636, stack(0x0000000035f80000,0x0000000036080000)]
  0x00000000249fd000 JavaThread "http-nio-8088-exec-8" daemon [_thread_blocked, id=10712, stack(0x0000000035e80000,0x0000000035f80000)]
  0x00000000249f9000 JavaThread "http-nio-8088-exec-7" daemon [_thread_blocked, id=19552, stack(0x0000000035d80000,0x0000000035e80000)]
  0x00000000249fc000 JavaThread "http-nio-8088-exec-6" daemon [_thread_blocked, id=19012, stack(0x0000000035c80000,0x0000000035d80000)]
  0x00000000249fe800 JavaThread "http-nio-8088-exec-5" daemon [_thread_blocked, id=20460, stack(0x0000000035b80000,0x0000000035c80000)]
  0x0000000026f2d000 JavaThread "http-nio-8088-exec-4" daemon [_thread_blocked, id=22964, stack(0x0000000035a80000,0x0000000035b80000)]
  0x0000000026f29000 JavaThread "http-nio-8088-exec-3" daemon [_thread_blocked, id=18040, stack(0x0000000035980000,0x0000000035a80000)]
  0x0000000026f2f000 JavaThread "http-nio-8088-exec-2" daemon [_thread_blocked, id=20392, stack(0x0000000035880000,0x0000000035980000)]
  0x0000000026f2b800 JavaThread "http-nio-8088-exec-1" daemon [_thread_blocked, id=22632, stack(0x0000000035780000,0x0000000035880000)]
  0x0000000026f30000 JavaThread "http-nio-8088-BlockPoller" daemon [_thread_in_native, id=18928, stack(0x0000000035680000,0x0000000035780000)]
  0x0000000026f2a000 JavaThread "File Watcher" daemon [_thread_blocked, id=8632, stack(0x0000000035580000,0x0000000035680000)]
  0x0000000026f2d800 JavaThread "lettuce-eventExecutorLoop-5-1" daemon [_thread_blocked, id=22684, stack(0x0000000035480000,0x0000000035580000)]
  0x0000000026f2e800 JavaThread "lettuce-nioEventLoop-7-1" daemon [_thread_in_native, id=21436, stack(0x0000000035380000,0x0000000035480000)]
  0x0000000026f27000 JavaThread "container-0" [_thread_blocked, id=21980, stack(0x0000000035280000,0x0000000035380000)]
  0x0000000026f26000 JavaThread "Catalina-utility-2" [_thread_blocked, id=17816, stack(0x0000000035180000,0x0000000035280000)]
  0x0000000026f24800 JavaThread "Catalina-utility-1" [_thread_blocked, id=21548, stack(0x0000000035080000,0x0000000035180000)]
  0x0000000026f25800 JavaThread "PortWatcher Thread for 127.0.0.1" [_thread_in_native, id=11540, stack(0x0000000034f80000,0x0000000035080000)]
  0x0000000026f23000 JavaThread "Connect thread 47.97.8.196 session" [_thread_in_native, id=21672, stack(0x0000000034e80000,0x0000000034f80000)]
  0x0000000026f22800 JavaThread "lettuce-timer-6-1" daemon [_thread_blocked, id=21908, stack(0x0000000034d80000,0x0000000034e80000)]
  0x0000000026f27800 JavaThread "restartedMain" [_thread_blocked, id=20744, stack(0x0000000034b80000,0x0000000034c80000)]
  0x0000000026f2a800 JavaThread "Thread-8" [_thread_blocked, id=23260, stack(0x0000000034180000,0x0000000034280000)]
  0x0000000026f28800 JavaThread "DestroyJavaVM" [_thread_blocked, id=20432, stack(0x00000000026a0000,0x00000000027a0000)]
  0x00000000249fa000 JavaThread "Live Reload Server" daemon [_thread_in_native, id=17528, stack(0x000000002e110000,0x000000002e210000)]
  0x00000000249f8800 JavaThread "mysql-cj-abandoned-connection-cleanup" daemon [_thread_blocked, id=21308, stack(0x000000002bd00000,0x000000002be00000)]
  0x000000001ef10800 JavaThread "Service Thread" daemon [_thread_blocked, id=22848, stack(0x000000001fa10000,0x000000001fb10000)]
  0x000000001eec5000 JavaThread "C1 CompilerThread3" daemon [_thread_blocked, id=9684, stack(0x000000001f910000,0x000000001fa10000)]
=>0x000000001eea3800 JavaThread "C2 CompilerThread2" daemon [_thread_in_native, id=18516, stack(0x000000001f810000,0x000000001f910000)]
  0x000000001eea0800 JavaThread "C2 CompilerThread1" daemon [_thread_in_native, id=17832, stack(0x000000001f710000,0x000000001f810000)]
  0x000000001ee96000 JavaThread "C2 CompilerThread0" daemon [_thread_in_native, id=19592, stack(0x000000001f610000,0x000000001f710000)]
  0x000000001e357000 JavaThread "JDWP Command Reader" daemon [_thread_in_native, id=11996, stack(0x000000001ed10000,0x000000001ee10000)]
  0x000000001e354000 JavaThread "JDWP Event Helper Thread" daemon [_thread_blocked, id=5144, stack(0x000000001ec10000,0x000000001ed10000)]
  0x000000001e349800 JavaThread "JDWP Transport Listener: dt_socket" daemon [_thread_blocked, id=16276, stack(0x000000001eb10000,0x000000001ec10000)]
  0x000000001e33e800 JavaThread "Attach Listener" daemon [_thread_blocked, id=19192, stack(0x000000001ea10000,0x000000001eb10000)]
  0x000000001e33d000 JavaThread "Signal Dispatcher" daemon [_thread_blocked, id=13000, stack(0x000000001e910000,0x000000001ea10000)]
  0x000000001e330800 JavaThread "Finalizer" daemon [_thread_blocked, id=12436, stack(0x000000001e710000,0x000000001e810000)]
  0x0000000002a1b000 JavaThread "Reference Handler" daemon [_thread_blocked, id=10112, stack(0x000000001e210000,0x000000001e310000)]

Other Threads:
  0x000000001c429800 VMThread [stack: 0x000000001e110000,0x000000001e210000] [id=13528]
  0x000000001efbf000 WatcherThread [stack: 0x000000001fb10000,0x000000001fc10000] [id=23532]

VM state:not at safepoint (normal execution)

VM Mutex/Monitor currently owned by a thread: None

Heap:
 PSYoungGen      total 507904K, used 165046K [0x000000076b500000, 0x000000078be80000, 0x00000007c0000000)
  eden space 489472K, 33% used [0x000000076b500000,0x000000077562d820,0x0000000789300000)
  from space 18432K, 0% used [0x000000078a600000,0x000000078a600000,0x000000078b800000)
  to   space 19456K, 0% used [0x0000000789300000,0x0000000789300000,0x000000078a600000)
 ParOldGen       total 165888K, used 20483K [0x00000006c1e00000, 0x00000006cc000000, 0x000000076b500000)
  object space 165888K, 12% used [0x00000006c1e00000,0x00000006c3200ec0,0x00000006cc000000)
 Metaspace       used 57843K, capacity 61546K, committed 61656K, reserved 1103872K
  class space    used 7487K, capacity 8146K, committed 8192K, reserved 1048576K

Card table byte_map: [0x0000000011de0000,0x00000000125e0000] byte_map_base: 0x000000000e7d1000

Marking Bits: (ParMarkBitMap*) 0x000000007108d850
 Begin Bits: [0x0000000013330000, 0x00000000172b8000)
 End Bits:   [0x00000000172b8000, 0x000000001b240000)

Polling page: 0x00000000009b0000

CodeCache: size=245760Kb used=21682Kb max_used=22105Kb free=224077Kb
 bounds [0x0000000002a20000, 0x0000000003fd0000, 0x0000000011a20000]
 total_blobs=5788 nmethods=5274 adapters=434
 compilation: enabled

Compilation events (10 events):
Event: 97.140 Thread 0x000000001eec5000 6388       3       io.netty.buffer.SizeClasses::size2SizeIdx (122 bytes)
Event: 97.141 Thread 0x000000001eec5000 nmethod 6388 0x000000000319fe10 code [0x000000000319ffa0, 0x00000000031a0488]
Event: 97.142 Thread 0x000000001eec5000 6389       3       java.nio.DirectByteBuffer::get (126 bytes)
Event: 97.143 Thread 0x000000001eec5000 nmethod 6389 0x0000000002fb9610 code [0x0000000002fb9800, 0x0000000002fb9fe8]
Event: 97.191 Thread 0x000000001eec5000 6390       3       java.lang.ThreadLocal$ThreadLocalMap::<init> (148 bytes)
Event: 97.193 Thread 0x000000001eec5000 nmethod 6390 0x0000000003a9acd0 code [0x0000000003a9aec0, 0x0000000003a9bad8]
Event: 97.204 Thread 0x000000001eec5000 6392       3       io.netty.util.Recycler$Stack::dropHandle (42 bytes)
Event: 97.204 Thread 0x000000001eec5000 nmethod 6392 0x0000000002f1d710 code [0x0000000002f1d860, 0x0000000002f1da50]
Event: 97.205 Thread 0x000000001eec5000 6391       3       io.lettuce.core.protocol.AsyncCommand::getOutput (10 bytes)
Event: 97.206 Thread 0x000000001eec5000 nmethod 6391 0x0000000002fa7c50 code [0x0000000002fa7dc0, 0x0000000002fa7fe8]

GC Heap History (10 events):
Event: 10.200 GC heap before
{Heap before GC invocations=10 (full 2):
 PSYoungGen      total 237056K, used 225280K [0x000000076b500000, 0x0000000783480000, 0x00000007c0000000)
  eden space 225280K, 100% used [0x000000076b500000,0x0000000779100000,0x0000000779100000)
  from space 11776K, 0% used [0x0000000779100000,0x0000000779100000,0x0000000779c80000)
  to   space 11776K, 0% used [0x0000000782900000,0x0000000782900000,0x0000000783480000)
 ParOldGen       total 119808K, used 12139K [0x00000006c1e00000, 0x00000006c9300000, 0x000000076b500000)
  object space 119808K, 10% used [0x00000006c1e00000,0x00000006c29dafc0,0x00000006c9300000)
 Metaspace       used 46101K, capacity 48758K, committed 48984K, reserved 1091584K
  class space    used 6002K, capacity 6501K, committed 6528K, reserved 1048576K
Event: 10.220 GC heap after
Heap after GC invocations=10 (full 2):
 PSYoungGen      total 377856K, used 11751K [0x000000076b500000, 0x0000000783900000, 0x00000007c0000000)
  eden space 366080K, 0% used [0x000000076b500000,0x000000076b500000,0x0000000781a80000)
  from space 11776K, 99% used [0x0000000782900000,0x0000000783479f00,0x0000000783480000)
  to   space 14848K, 0% used [0x0000000781a80000,0x0000000781a80000,0x0000000782900000)
 ParOldGen       total 119808K, used 17105K [0x00000006c1e00000, 0x00000006c9300000, 0x000000076b500000)
  object space 119808K, 14% used [0x00000006c1e00000,0x00000006c2eb4740,0x00000006c9300000)
 Metaspace       used 46101K, capacity 48758K, committed 48984K, reserved 1091584K
  class space    used 6002K, capacity 6501K, committed 6528K, reserved 1048576K
}
Event: 25.268 GC heap before
{Heap before GC invocations=11 (full 2):
 PSYoungGen      total 377856K, used 234075K [0x000000076b500000, 0x0000000783900000, 0x00000007c0000000)
  eden space 366080K, 60% used [0x000000076b500000,0x0000000778e1cd60,0x0000000781a80000)
  from space 11776K, 99% used [0x0000000782900000,0x0000000783479f00,0x0000000783480000)
  to   space 14848K, 0% used [0x0000000781a80000,0x0000000781a80000,0x0000000782900000)
 ParOldGen       total 119808K, used 17105K [0x00000006c1e00000, 0x00000006c9300000, 0x000000076b500000)
  object space 119808K, 14% used [0x00000006c1e00000,0x00000006c2eb4740,0x00000006c9300000)
 Metaspace       used 55594K, capacity 58870K, committed 59028K, reserved 1099776K
  class space    used 7241K, capacity 7815K, committed 7936K, reserved 1048576K
Event: 25.282 GC heap after
Heap after GC invocations=11 (full 2):
 PSYoungGen      total 380928K, used 14838K [0x000000076b500000, 0x000000078b800000, 0x00000007c0000000)
  eden space 366080K, 0% used [0x000000076b500000,0x000000076b500000,0x0000000781a80000)
  from space 14848K, 99% used [0x0000000781a80000,0x00000007828fdbe0,0x0000000782900000)
  to   space 18432K, 0% used [0x000000078a600000,0x000000078a600000,0x000000078b800000)
 ParOldGen       total 119808K, used 21475K [0x00000006c1e00000, 0x00000006c9300000, 0x000000076b500000)
  object space 119808K, 17% used [0x00000006c1e00000,0x00000006c32f8ce0,0x00000006c9300000)
 Metaspace       used 55594K, capacity 58870K, committed 59028K, reserved 1099776K
  class space    used 7241K, capacity 7815K, committed 7936K, reserved 1048576K
}
Event: 25.282 GC heap before
{Heap before GC invocations=12 (full 3):
 PSYoungGen      total 380928K, used 14838K [0x000000076b500000, 0x000000078b800000, 0x00000007c0000000)
  eden space 366080K, 0% used [0x000000076b500000,0x000000076b500000,0x0000000781a80000)
  from space 14848K, 99% used [0x0000000781a80000,0x00000007828fdbe0,0x0000000782900000)
  to   space 18432K, 0% used [0x000000078a600000,0x000000078a600000,0x000000078b800000)
 ParOldGen       total 119808K, used 21475K [0x00000006c1e00000, 0x00000006c9300000, 0x000000076b500000)
  object space 119808K, 17% used [0x00000006c1e00000,0x00000006c32f8ce0,0x00000006c9300000)
 Metaspace       used 55594K, capacity 58870K, committed 59028K, reserved 1099776K
  class space    used 7241K, capacity 7815K, committed 7936K, reserved 1048576K
Event: 25.419 GC heap after
Heap after GC invocations=12 (full 3):
 PSYoungGen      total 380928K, used 0K [0x000000076b500000, 0x000000078b800000, 0x00000007c0000000)
  eden space 366080K, 0% used [0x000000076b500000,0x000000076b500000,0x0000000781a80000)
  from space 14848K, 0% used [0x0000000781a80000,0x0000000781a80000,0x0000000782900000)
  to   space 18432K, 0% used [0x000000078a600000,0x000000078a600000,0x000000078b800000)
 ParOldGen       total 165888K, used 27772K [0x00000006c1e00000, 0x00000006cc000000, 0x000000076b500000)
  object space 165888K, 16% used [0x00000006c1e00000,0x00000006c391f270,0x00000006cc000000)
 Metaspace       used 55587K, capacity 58858K, committed 59028K, reserved 1099776K
  class space    used 7240K, capacity 7813K, committed 7936K, reserved 1048576K
}
Event: 94.610 GC heap before
{Heap before GC invocations=13 (full 3):
 PSYoungGen      total 380928K, used 122453K [0x000000076b500000, 0x000000078b800000, 0x00000007c0000000)
  eden space 366080K, 33% used [0x000000076b500000,0x0000000772c956b0,0x0000000781a80000)
  from space 14848K, 0% used [0x0000000781a80000,0x0000000781a80000,0x0000000782900000)
  to   space 18432K, 0% used [0x000000078a600000,0x000000078a600000,0x000000078b800000)
 ParOldGen       total 165888K, used 27772K [0x00000006c1e00000, 0x00000006cc000000, 0x000000076b500000)
  object space 165888K, 16% used [0x00000006c1e00000,0x00000006c391f270,0x00000006cc000000)
 Metaspace       used 57102K, capacity 60640K, committed 60888K, reserved 1101824K
  class space    used 7455K, capacity 8087K, committed 8192K, reserved 1048576K
Event: 94.614 GC heap after
Heap after GC invocations=13 (full 3):
 PSYoungGen      total 507904K, used 1423K [0x000000076b500000, 0x000000078be80000, 0x00000007c0000000)
  eden space 489472K, 0% used [0x000000076b500000,0x000000076b500000,0x0000000789300000)
  from space 18432K, 7% used [0x000000078a600000,0x000000078a763f48,0x000000078b800000)
  to   space 19456K, 0% used [0x0000000789300000,0x0000000789300000,0x000000078a600000)
 ParOldGen       total 165888K, used 27780K [0x00000006c1e00000, 0x00000006cc000000, 0x000000076b500000)
  object space 165888K, 16% used [0x00000006c1e00000,0x00000006c3921270,0x00000006cc000000)
 Metaspace       used 57102K, capacity 60640K, committed 60888K, reserved 1101824K
  class space    used 7455K, capacity 8087K, committed 8192K, reserved 1048576K
}
Event: 94.614 GC heap before
{Heap before GC invocations=14 (full 4):
 PSYoungGen      total 507904K, used 1423K [0x000000076b500000, 0x000000078be80000, 0x00000007c0000000)
  eden space 489472K, 0% used [0x000000076b500000,0x000000076b500000,0x0000000789300000)
  from space 18432K, 7% used [0x000000078a600000,0x000000078a763f48,0x000000078b800000)
  to   space 19456K, 0% used [0x0000000789300000,0x0000000789300000,0x000000078a600000)
 ParOldGen       total 165888K, used 27780K [0x00000006c1e00000, 0x00000006cc000000, 0x000000076b500000)
  object space 165888K, 16% used [0x00000006c1e00000,0x00000006c3921270,0x00000006cc000000)
 Metaspace       used 57102K, capacity 60640K, committed 60888K, reserved 1101824K
  class space    used 7455K, capacity 8087K, committed 8192K, reserved 1048576K
Event: 94.779 GC heap after
Heap after GC invocations=14 (full 4):
 PSYoungGen      total 507904K, used 0K [0x000000076b500000, 0x000000078be80000, 0x00000007c0000000)
  eden space 489472K, 0% used [0x000000076b500000,0x000000076b500000,0x0000000789300000)
  from space 18432K, 0% used [0x000000078a600000,0x000000078a600000,0x000000078b800000)
  to   space 19456K, 0% used [0x0000000789300000,0x0000000789300000,0x000000078a600000)
 ParOldGen       total 165888K, used 20483K [0x00000006c1e00000, 0x00000006cc000000, 0x000000076b500000)
  object space 165888K, 12% used [0x00000006c1e00000,0x00000006c3200ec0,0x00000006cc000000)
 Metaspace       used 57102K, capacity 60640K, committed 60888K, reserved 1101824K
  class space    used 7455K, capacity 8087K, committed 8192K, reserved 1048576K
}

Deoptimization events (10 events):
Event: 96.968 Thread 0x0000000026f27800 Uncommon trap: reason=unhandled action=none pc=0x0000000003cc01b8 method=java.lang.Class.getMethod(Ljava/lang/String;[Ljava/lang/Class;)Ljava/lang/reflect/Method; @ 61
Event: 96.968 Thread 0x0000000026f27800 Uncommon trap: reason=unhandled action=none pc=0x0000000003cc01b8 method=java.lang.Class.getMethod(Ljava/lang/String;[Ljava/lang/Class;)Ljava/lang/reflect/Method; @ 61
Event: 96.969 Thread 0x0000000026f27800 Uncommon trap: reason=unhandled action=none pc=0x0000000003a17278 method=java.lang.Class.getMethod(Ljava/lang/String;[Ljava/lang/Class;)Ljava/lang/reflect/Method; @ 61
Event: 96.969 Thread 0x0000000026f27800 Uncommon trap: reason=unhandled action=none pc=0x0000000003a17278 method=java.lang.Class.getMethod(Ljava/lang/String;[Ljava/lang/Class;)Ljava/lang/reflect/Method; @ 61
Event: 96.969 Thread 0x0000000026f27800 Uncommon trap: reason=unhandled action=none pc=0x0000000003a17278 method=java.lang.Class.getMethod(Ljava/lang/String;[Ljava/lang/Class;)Ljava/lang/reflect/Method; @ 61
Event: 96.972 Thread 0x0000000026f27800 Uncommon trap: reason=unhandled action=none pc=0x0000000003a17278 method=java.lang.Class.getMethod(Ljava/lang/String;[Ljava/lang/Class;)Ljava/lang/reflect/Method; @ 61
Event: 96.972 Thread 0x0000000026f27800 Uncommon trap: reason=unhandled action=none pc=0x0000000003a17278 method=java.lang.Class.getMethod(Ljava/lang/String;[Ljava/lang/Class;)Ljava/lang/reflect/Method; @ 61
Event: 96.972 Thread 0x0000000026f27800 Uncommon trap: reason=unhandled action=none pc=0x0000000003a17278 method=java.lang.Class.getMethod(Ljava/lang/String;[Ljava/lang/Class;)Ljava/lang/reflect/Method; @ 61
Event: 96.974 Thread 0x0000000026f27800 Uncommon trap: reason=unhandled action=none pc=0x0000000003a17278 method=java.lang.Class.getMethod(Ljava/lang/String;[Ljava/lang/Class;)Ljava/lang/reflect/Method; @ 61
Event: 96.974 Thread 0x0000000026f27800 Uncommon trap: reason=unhandled action=none pc=0x0000000003a17278 method=java.lang.Class.getMethod(Ljava/lang/String;[Ljava/lang/Class;)Ljava/lang/reflect/Method; @ 61

Internal exceptions (10 events):
Event: 96.648 Thread 0x0000000026f27800 Exception <a 'java/lang/ArrayIndexOutOfBoundsException': 177> (0x0000000773f9d530) thrown at [C:\re\workspace\8-2-build-windows-amd64-cygwin\jdk8u151\9699\hotspot\src\share\vm\interpreter\interpreterRuntime.cpp, line 366]
Event: 96.649 Thread 0x0000000026f27800 Exception <a 'java/lang/ArrayIndexOutOfBoundsException': 188> (0x0000000773fade60) thrown at [C:\re\workspace\8-2-build-windows-amd64-cygwin\jdk8u151\9699\hotspot\src\share\vm\interpreter\interpreterRuntime.cpp, line 366]
Event: 96.649 Thread 0x0000000026f27800 Exception <a 'java/lang/ArrayIndexOutOfBoundsException': 120> (0x0000000773fb6110) thrown at [C:\re\workspace\8-2-build-windows-amd64-cygwin\jdk8u151\9699\hotspot\src\share\vm\interpreter\interpreterRuntime.cpp, line 366]
Event: 96.650 Thread 0x0000000026f27800 Exception <a 'java/lang/ArrayIndexOutOfBoundsException': 125> (0x0000000773fbce90) thrown at [C:\re\workspace\8-2-build-windows-amd64-cygwin\jdk8u151\9699\hotspot\src\share\vm\interpreter\interpreterRuntime.cpp, line 366]
Event: 96.669 Thread 0x0000000026f27800 Exception <a 'java/lang/ArrayIndexOutOfBoundsException': 109> (0x00000007745096b0) thrown at [C:\re\workspace\8-2-build-windows-amd64-cygwin\jdk8u151\9699\hotspot\src\share\vm\interpreter\interpreterRuntime.cpp, line 366]
Event: 96.670 Thread 0x0000000026f27800 Exception <a 'java/lang/ArrayIndexOutOfBoundsException': 273> (0x000000077450ed30) thrown at [C:\re\workspace\8-2-build-windows-amd64-cygwin\jdk8u151\9699\hotspot\src\share\vm\interpreter\interpreterRuntime.cpp, line 366]
Event: 96.675 Thread 0x0000000026f27800 Exception <a 'java/lang/ArrayIndexOutOfBoundsException': 184> (0x0000000774540600) thrown at [C:\re\workspace\8-2-build-windows-amd64-cygwin\jdk8u151\9699\hotspot\src\share\vm\interpreter\interpreterRuntime.cpp, line 366]
Event: 96.678 Thread 0x0000000026f27800 Exception <a 'java/lang/ArrayIndexOutOfBoundsException': 75> (0x00000007745937b8) thrown at [C:\re\workspace\8-2-build-windows-amd64-cygwin\jdk8u151\9699\hotspot\src\share\vm\interpreter\interpreterRuntime.cpp, line 366]
Event: 96.704 Thread 0x0000000026f27800 Exception <a 'java/lang/ArrayIndexOutOfBoundsException': 91> (0x0000000774b4db18) thrown at [C:\re\workspace\8-2-build-windows-amd64-cygwin\jdk8u151\9699\hotspot\src\share\vm\interpreter\interpreterRuntime.cpp, line 366]
Event: 96.934 Thread 0x0000000026f27800 Exception <a 'java/lang/ArrayIndexOutOfBoundsException': 171> (0x0000000774ec1760) thrown at [C:\re\workspace\8-2-build-windows-amd64-cygwin\jdk8u151\9699\hotspot\src\share\vm\interpreter\interpreterRuntime.cpp, line 366]

Events (10 events):
Event: 97.140 Executing VM operation: RevokeBias
Event: 97.140 Executing VM operation: RevokeBias done
Event: 97.141 Thread 0x000000001eec5000 flushing nmethod 0x00000000034771d0
Event: 97.144 Thread 0x000000001eec5000 flushing nmethod 0x00000000035f7850
Event: 97.144 Thread 0x000000001eec5000 flushing nmethod 0x00000000036a2d90
Event: 97.144 Thread 0x000000001eec5000 flushing nmethod 0x00000000036d7690
Event: 97.144 Thread 0x000000001eec5000 flushing nmethod 0x00000000036d90d0
Event: 97.192 Thread 0x0000000024a03800 Thread added: 0x0000000024a03800
Event: 97.193 Executing VM operation: RevokeBias
Event: 97.203 Executing VM operation: RevokeBias done


Dynamic libraries:
0x00007ff7167f0000 - 0x00007ff716827000 	D:\Java\jdk1.8.0_151\bin\javaw.exe
0x00007ffb7c1e0000 - 0x00007ffb7c3cc000 	C:\Windows\SYSTEM32\ntdll.dll
0x00007ffb7b150000 - 0x00007ffb7b203000 	C:\Windows\System32\KERNEL32.DLL
0x00007ffb78690000 - 0x00007ffb78924000 	C:\Windows\System32\KERNELBASE.dll
0x00007ffb7c100000 - 0x00007ffb7c1a3000 	C:\Windows\System32\ADVAPI32.dll
0x00007ffb7aeb0000 - 0x00007ffb7af4e000 	C:\Windows\System32\msvcrt.dll
0x00007ffb7b870000 - 0x00007ffb7b90e000 	C:\Windows\System32\sechost.dll
0x00007ffb7b220000 - 0x00007ffb7b33f000 	C:\Windows\System32\RPCRT4.dll
0x00007ffb7aca0000 - 0x00007ffb7ae37000 	C:\Windows\System32\USER32.dll
0x00007ffb78960000 - 0x00007ffb78980000 	C:\Windows\System32\win32u.dll
0x00007ffb7ab00000 - 0x00007ffb7ab29000 	C:\Windows\System32\GDI32.dll
0x00007ffb78370000 - 0x00007ffb7850c000 	C:\Windows\System32\gdi32full.dll
0x00007ffb78c20000 - 0x00007ffb78cc0000 	C:\Windows\System32\msvcp_win.dll
0x00007ffb78590000 - 0x00007ffb7868a000 	C:\Windows\System32\ucrtbase.dll
0x00007ffb76bd0000 - 0x00007ffb76e49000 	C:\Windows\WinSxS\amd64_microsoft.windows.common-controls_6595b64144ccf1df_6.0.17763.1879_none_de7416585348d805\COMCTL32.dll
0x00007ffb7b940000 - 0x00007ffb7bc6d000 	C:\Windows\System32\combase.dll
0x00007ffb782f0000 - 0x00007ffb7836f000 	C:\Windows\System32\bcryptPrimitives.dll
0x00007ffb795d0000 - 0x00007ffb795fe000 	C:\Windows\System32\IMM32.DLL
0x0000000000980000 - 0x0000000000992000 	C:\Windows\System32\umppc13213.dll
0x00007ffb769f0000 - 0x00007ffb76b14000 	C:\Program Files\Avecto\Privilege Guard Client\PGHook.dll
0x00007ffb79600000 - 0x00007ffb7aaf9000 	C:\Windows\System32\shell32.dll
0x00007ffb782a0000 - 0x00007ffb782ea000 	C:\Windows\System32\cfgmgr32.dll
0x00007ffb7bf70000 - 0x00007ffb7c018000 	C:\Windows\System32\shcore.dll
0x00007ffb78cc0000 - 0x00007ffb7940b000 	C:\Windows\System32\windows.storage.dll
0x00007ffb78270000 - 0x00007ffb78294000 	C:\Windows\System32\profapi.dll
0x00007ffb78210000 - 0x00007ffb7826d000 	C:\Windows\System32\powrprof.dll
0x00007ffb7c0a0000 - 0x00007ffb7c0f2000 	C:\Windows\System32\shlwapi.dll
0x00007ffb781f0000 - 0x00007ffb78201000 	C:\Windows\System32\kernel.appcore.dll
0x00007ffb78570000 - 0x00007ffb78587000 	C:\Windows\System32\cryptsp.dll
0x00007ffb775a0000 - 0x00007ffb775d3000 	C:\Windows\system32\rsaenh.dll
0x00007ffb78930000 - 0x00007ffb78956000 	C:\Windows\System32\bcrypt.dll
0x00007ffb77be0000 - 0x00007ffb77bec000 	C:\Windows\SYSTEM32\CRYPTBASE.dll
0x00007ffb51ba0000 - 0x00007ffb51c44000 	C:\Program Files\McAfee\Endpoint Security\Threat Prevention\Ips\EpMPApi.dll
0x00007ffb78510000 - 0x00007ffb78569000 	C:\Windows\System32\WINTRUST.dll
0x00007ffb781d0000 - 0x00007ffb781e2000 	C:\Windows\System32\MSASN1.dll
0x00007ffb78980000 - 0x00007ffb78b63000 	C:\Windows\System32\CRYPT32.dll
0x0000000074000000 - 0x000000007400c000 	C:\Program Files\McAfee\Endpoint Security\Threat Prevention\Ips\EpMPThe.dll
0x000000006cd60000 - 0x000000006ce32000 	D:\Java\jdk1.8.0_151\jre\bin\msvcr100.dll
0x0000000070870000 - 0x000000007110d000 	D:\Java\jdk1.8.0_151\jre\bin\server\jvm.dll
0x00007ffb7bd50000 - 0x00007ffb7bd58000 	C:\Windows\System32\PSAPI.DLL
0x00007ffb6b030000 - 0x00007ffb6b039000 	C:\Windows\SYSTEM32\WSOCK32.dll
0x00007ffb7ae40000 - 0x00007ffb7aead000 	C:\Windows\System32\WS2_32.dll
0x00007ffb6d6e0000 - 0x00007ffb6d704000 	C:\Windows\SYSTEM32\WINMM.dll
0x00007ffb70ad0000 - 0x00007ffb70ada000 	C:\Windows\SYSTEM32\VERSION.dll
0x00007ffb6d190000 - 0x00007ffb6d1bd000 	C:\Windows\SYSTEM32\WINMMBASE.dll
0x0000000071740000 - 0x000000007174f000 	D:\Java\jdk1.8.0_151\jre\bin\verify.dll
0x0000000071710000 - 0x0000000071739000 	D:\Java\jdk1.8.0_151\jre\bin\java.dll
0x000000006d1f0000 - 0x000000006d225000 	D:\Java\jdk1.8.0_151\jre\bin\jdwp.dll
0x0000000071110000 - 0x0000000071118000 	D:\Java\jdk1.8.0_151\jre\bin\npt.dll
0x000000006d1c0000 - 0x000000006d1e3000 	D:\Java\jdk1.8.0_151\jre\bin\instrument.dll
0x00000000716f0000 - 0x0000000071706000 	D:\Java\jdk1.8.0_151\jre\bin\zip.dll
0x0000000070860000 - 0x0000000070869000 	D:\Java\jdk1.8.0_151\jre\bin\dt_socket.dll
0x00007ffb5f1e0000 - 0x00007ffb5f1f6000 	C:\Windows\system32\napinsp.dll
0x00007ffb5f200000 - 0x00007ffb5f21a000 	C:\Windows\system32\pnrpnsp.dll
0x00007ffb77a10000 - 0x00007ffb77a77000 	C:\Windows\System32\mswsock.dll
0x00007ffb77770000 - 0x00007ffb77836000 	C:\Windows\SYSTEM32\DNSAPI.dll
0x00007ffb7b910000 - 0x00007ffb7b918000 	C:\Windows\System32\NSI.dll
0x00007ffb77730000 - 0x00007ffb7776d000 	C:\Windows\SYSTEM32\IPHLPAPI.DLL
0x00007ffb6ae60000 - 0x00007ffb6ae6e000 	C:\Windows\System32\winrnr.dll
0x00007ffb6faf0000 - 0x00007ffb6fb0b000 	C:\Windows\system32\NLAapi.dll
0x00007ffb71790000 - 0x00007ffb717a5000 	C:\Windows\system32\wshbth.dll
0x00007ffb71ff0000 - 0x00007ffb72069000 	C:\Windows\System32\fwpuclnt.dll
0x00007ffb6db90000 - 0x00007ffb6db9a000 	C:\Windows\System32\rasadhlp.dll
0x0000000071750000 - 0x000000007175d000 	D:\Java\jdk1.8.0_151\jre\bin\management.dll
0x0000000071640000 - 0x000000007165a000 	D:\Java\jdk1.8.0_151\jre\bin\net.dll
0x0000000071620000 - 0x0000000071631000 	D:\Java\jdk1.8.0_151\jre\bin\nio.dll
0x0000000021ef0000 - 0x0000000022172000 	D:\software\apache-tomcat-8.5.43-windows-x64\apache-tomcat-8.5.43\bin\tcnative-1.dll
0x00007ffb78100000 - 0x00007ffb78129000 	C:\Windows\SYSTEM32\USERENV.dll
0x00007ffb71f60000 - 0x00007ffb71f76000 	C:\Windows\SYSTEM32\dhcpcsvc6.DLL
0x00007ffb71db0000 - 0x00007ffb71dcc000 	C:\Windows\SYSTEM32\dhcpcsvc.DLL
0x0000000071300000 - 0x0000000071324000 	D:\Java\jdk1.8.0_151\jre\bin\sunec.dll
0x0000000071610000 - 0x000000007161b000 	D:\Java\jdk1.8.0_151\jre\bin\sunmscapi.dll

VM Arguments:
jvm_args: -agentlib:jdwp=transport=dt_socket,suspend=y,address=localhost:58283 -javaagent:D:\software\other\eclipse\eclipse\configuration\org.eclipse.osgi\1101\0\.cp\lib\javaagent-shaded.jar -Dfile.encoding=UTF-8 
java_command: com.java.example.demo.DemoApplication
java_class_path (initial): D:\localCodes\training\JavaTempProj\target\classes;D:\.m2\repository\org\springframework\boot\spring-boot-starter-data-redis\2.4.5\spring-boot-starter-data-redis-2.4.5.jar;D:\.m2\repository\org\springframework\boot\spring-boot-starter\2.4.5\spring-boot-starter-2.4.5.jar;D:\.m2\repository\org\springframework\boot\spring-boot-starter-logging\2.4.5\spring-boot-starter-logging-2.4.5.jar;D:\.m2\repository\ch\qos\logback\logback-classic\1.2.3\logback-classic-1.2.3.jar;D:\.m2\repository\ch\qos\logback\logback-core\1.2.3\logback-core-1.2.3.jar;D:\.m2\repository\org\apache\logging\log4j\log4j-to-slf4j\2.13.3\log4j-to-slf4j-2.13.3.jar;D:\.m2\repository\org\apache\logging\log4j\log4j-api\2.13.3\log4j-api-2.13.3.jar;D:\.m2\repository\org\slf4j\jul-to-slf4j\1.7.30\jul-to-slf4j-1.7.30.jar;D:\.m2\repository\jakarta\annotation\jakarta.annotation-api\1.3.5\jakarta.annotation-api-1.3.5.jar;D:\.m2\repository\org\yaml\snakeyaml\1.27\snakeyaml-1.27.jar;D:\.m2\repository\org\springframework\data\spring-data-redis\2.4.8\spring-data-redis-2.4.8.jar;D:\.m2\repository\org\springframework\data\spring-data-keyvalue\2.4.8\spring-data-keyvalue-2.4.8.jar;D:\.m2\repository\org\springframework\data\spring-data-commons\2.4.8\spring-data-commons-2.4.8.jar;D:\.m2\repository\org\springframework\spring-tx\5.3.6\spring-tx-5.3.6.jar;D:\.m2\repository\org\springframework\spring-oxm\5.3.6\spring-oxm-5.3.6.jar;D:\.m2\repository\io\lettuce\lettuce-core\6.0.4.RELEASE\lettuce-core-6.0.4.RELEASE.jar;D:\.m2\repository\io\netty\netty-common\4.1.63.Final\netty-common-4.1.63.Final.jar;D:\.m2\repository\io\netty\netty-handler\4.1.63.Final\netty-handler-4.1.63.Final.jar;D:\.m2\repository\io\netty\netty-resolver\4.1.63.Final\netty-resolver-4.1.63.Final.jar;D:\.m2\repository\io\netty\netty-buffer\4.1.63.Final\netty-buffer-4.1.63.Final.jar;D:\.m2\repository\io\netty\netty-codec\4.1.63.Final\netty-codec-4.1.63.Final.jar;D:\.m2\repository\io\netty\netty-transport\4.1.63.Final\netty-transport-4.
Launcher Type: SUN_STANDARD

Environment Variables:
JAVA_HOME=D:\Java\jdk1.8.0_151
CLASSPATH=D:\Java\jdk1.8.0_151\lib;D:\Java\jdk1.8.0_151\lib\dt.jar;D:\Java\jdk1.8.0_151\lib\tools.jar
PATH=D:\Java\jdk1.8.0_151\jre\bin;D:/Java/jdk1.8.0_151/bin/../jre/bin/server;D:/Java/jdk1.8.0_151/bin/../jre/bin;D:/Java/jdk1.8.0_151/bin/../jre/lib/amd64;D:\Java\jdk1.8.0_151\bin;C:\ProgramData\Oracle\Java\javapath;C:\Program Files (x86)\Common Files\Oracle\Java\javapath;C:\Windows\system32;C:\Windows;C:\Windows\System32\Wbem;C:\Windows\System32\WindowsPowerShell\v1.0\;C:\Windows\System32\OpenSSH\;C:\Users\cdadmin2\AppData\Local\Microsoft\WindowsApps;C:\windows\Scoop\shims;D:\software\apache-ant-1.10.6\bin;D:\software\apache-jmeter-5.1.1\bin;D:\software\apache-maven-3.6.1\bin;D:\software\apache-tomcat-8.5.43-windows-x64\apache-tomcat-8.5.43\bin;D:\Program Files\TortoiseGit\bin;D:\Program Files\Git\cmd;D:\software\sonar-scanner-4.2.0.1873-windows\bin;D:\Program Files\nodejs\;C:\Users\jiechen\AppData\Local\Microsoft\WindowsApps;C:\Users\jiechen\AppData\Local\Programs\Microsoft VS Code\bin;C:\Users\jiechen\AppData\Roaming\npm;D:\software\apache-maven-3.6.1\bin;D:\software\sonar-scanner-4.2.0.1873-windows\bin;;D:\software\other\eclipse\eclipse;
USERNAME=jiechen
OS=Windows_NT
PROCESSOR_IDENTIFIER=Intel64 Family 6 Model 142 Stepping 11, GenuineIntel



---------------  S Y S T E M  ---------------

OS: Windows 10.0 , 64 bit Build 17763 (10.0.17763.1879)

CPU:total 8 (initial active 8) (4 cores per cpu, 2 threads per core) family 6 model 142 stepping 11, cmov, cx8, fxsr, mmx, sse, sse2, sse3, ssse3, sse4.1, sse4.2, popcnt, avx, avx2, aes, clmul, erms, 3dnowpref, lzcnt, ht, tsc, tscinvbit, bmi1, bmi2, adx

Memory: 4k page, physical 16647056k(3038036k free), swap 29741580k(996k free)

vm_info: Java HotSpot(TM) 64-Bit Server VM (25.151-b12) for windows-amd64 JRE (1.8.0_151-b12), built on Sep  5 2017 19:33:46 by "java_re" with MS VC++ 10.0 (VS2010)

time: Fri Apr 23 14:10:13 2021
elapsed time: 97 seconds (0d 0h 1m 37s)

