#
# There is insufficient memory for the Java Runtime Environment to continue.
# Native memory allocation (malloc) failed to allocate 32744 bytes for ChunkPool::allocate
# Possible reasons:
#   The system is out of physical RAM or swap space
#   In 32 bit mode, the process size limit was hit
# Possible solutions:
#   Reduce memory load on the system
#   Increase physical memory or swap space
#   Check if swap backing store is full
#   Use 64 bit Java on a 64 bit OS
#   Decrease Java heap size (-Xmx/-Xms)
#   Decrease number of Java threads
#   Decrease Java thread stack sizes (-Xss)
#   Set larger code cache with -XX:ReservedCodeCacheSize=
# This output file may be truncated or incomplete.
#
#  Out of Memory Error (allocation.cpp:273), pid=20444, tid=0x00000000000047b0
#
# JRE version: Java(TM) SE Runtime Environment (8.0_151-b12) (build 1.8.0_151-b12)
# Java VM: Java HotSpot(TM) 64-Bit Server VM (25.151-b12 mixed mode windows-amd64 compressed oops)
# Failed to write core dump. Minidumps are not enabled by default on client versions of Windows
#

---------------  T H R E A D  ---------------

Current thread (0x000000001f6d8000):  JavaThread "C2 CompilerThread0" daemon [_thread_in_native, id=18352, stack(0x000000001fe60000,0x000000001ff60000)]

Stack: [0x000000001fe60000,0x000000001ff60000]
[error occurred during error reporting (printing stack bounds), id 0xc0000005]

Native frames: (J=compiled Java code, j=interpreted, Vv=VM code, C=native code)


Current CompileTask:
C2:  59035 5314       4      
[error occurred during error reporting (printing current compile task), id 0xe0000001]


---------------  P R O C E S S  ---------------

Java Threads: ( => current thread )
  0x000000002955e800 JavaThread "lettuce-eventExecutorLoop-1-8" daemon [_thread_blocked, id=4404, stack(0x0000000033450000,0x0000000033550000)]
  0x000000002955e000 JavaThread "lettuce-eventExecutorLoop-1-7" daemon [_thread_blocked, id=18040, stack(0x0000000033250000,0x0000000033350000)]
  0x000000002955d000 JavaThread "lettuce-eventExecutorLoop-1-6" daemon [_thread_blocked, id=21068, stack(0x0000000033150000,0x0000000033250000)]
  0x0000000029555800 JavaThread "lettuce-eventExecutorLoop-1-5" daemon [_thread_blocked, id=21468, stack(0x0000000033050000,0x0000000033150000)]
  0x0000000029556800 JavaThread "lettuce-eventExecutorLoop-1-4" daemon [_thread_blocked, id=18844, stack(0x0000000032050000,0x0000000032150000)]
  0x000000002955a000 JavaThread "DestroyJavaVM" [_thread_blocked, id=17472, stack(0x0000000002e50000,0x0000000002f50000)]
  0x000000002955c800 JavaThread "pool-1-thread-1" [_thread_blocked, id=19412, stack(0x0000000031f50000,0x0000000032050000)]
  0x0000000029555000 JavaThread "lettuce-eventExecutorLoop-1-3" daemon [_thread_blocked, id=4000, stack(0x0000000031e50000,0x0000000031f50000)]
  0x000000002955b800 JavaThread "lettuce-eventExecutorLoop-1-2" daemon [_thread_blocked, id=2668, stack(0x0000000031d50000,0x0000000031e50000)]
  0x000000002955b000 JavaThread "lettuce-nioEventLoop-4-2" daemon [_thread_in_native, id=20812, stack(0x0000000030c40000,0x0000000030d40000)]
  0x0000000029559800 JavaThread "http-nio-8088-Acceptor" daemon [_thread_in_native, id=508, stack(0x00000000307e0000,0x00000000308e0000)]
  0x0000000029552000 JavaThread "http-nio-8088-ClientPoller" daemon [_thread_in_native, id=7996, stack(0x00000000306e0000,0x00000000307e0000)]
  0x0000000029554000 JavaThread "http-nio-8088-exec-10" daemon [_thread_blocked, id=5376, stack(0x00000000305e0000,0x00000000306e0000)]
  0x0000000029558800 JavaThread "http-nio-8088-exec-9" daemon [_thread_blocked, id=7824, stack(0x00000000304e0000,0x00000000305e0000)]
  0x0000000029551000 JavaThread "http-nio-8088-exec-8" daemon [_thread_blocked, id=23404, stack(0x00000000303e0000,0x00000000304e0000)]
  0x0000000029552800 JavaThread "http-nio-8088-exec-7" daemon [_thread_blocked, id=20176, stack(0x00000000302e0000,0x00000000303e0000)]
  0x0000000029557000 JavaThread "http-nio-8088-exec-6" daemon [_thread_blocked, id=8004, stack(0x00000000301e0000,0x00000000302e0000)]
  0x0000000029558000 JavaThread "http-nio-8088-exec-5" daemon [_thread_blocked, id=22816, stack(0x00000000300e0000,0x00000000301e0000)]
  0x0000000029553800 JavaThread "http-nio-8088-exec-4" daemon [_thread_blocked, id=19616, stack(0x000000002ffe0000,0x00000000300e0000)]
  0x0000000028f2b000 JavaThread "http-nio-8088-exec-3" daemon [_thread_blocked, id=20496, stack(0x000000002fee0000,0x000000002ffe0000)]
  0x0000000028f2f800 JavaThread "http-nio-8088-exec-2" daemon [_thread_blocked, id=21952, stack(0x000000002fde0000,0x000000002fee0000)]
  0x0000000028f2f000 JavaThread "http-nio-8088-exec-1" daemon [_thread_blocked, id=17752, stack(0x000000002fce0000,0x000000002fde0000)]
  0x0000000028f2e000 JavaThread "http-nio-8088-BlockPoller" daemon [_thread_in_native, id=1732, stack(0x000000002fbe0000,0x000000002fce0000)]
  0x0000000028f2a800 JavaThread "Live Reload Server" daemon [_thread_in_native, id=18124, stack(0x000000002fae0000,0x000000002fbe0000)]
  0x0000000028f29000 JavaThread "File Watcher" daemon [_thread_blocked, id=23212, stack(0x000000002f5e0000,0x000000002f6e0000)]
  0x0000000028f2c000 JavaThread "lettuce-eventExecutorLoop-1-1" daemon [_thread_blocked, id=18568, stack(0x000000002cf80000,0x000000002d080000)]
  0x0000000028f29800 JavaThread "lettuce-nioEventLoop-4-1" daemon [_thread_in_native, id=11828, stack(0x000000002bd10000,0x000000002be10000)]
  0x0000000028f2d800 JavaThread "mysql-cj-abandoned-connection-cleanup" daemon [_thread_blocked, id=6284, stack(0x000000002b360000,0x000000002b460000)]
  0x0000000028b34000 JavaThread "container-0" [_thread_blocked, id=18608, stack(0x000000002b260000,0x000000002b360000)]
  0x0000000028b33800 JavaThread "Catalina-utility-2" [_thread_blocked, id=9752, stack(0x000000002b160000,0x000000002b260000)]
  0x0000000028b32800 JavaThread "Catalina-utility-1" [_thread_blocked, id=21988, stack(0x000000002b060000,0x000000002b160000)]
  0x000000002a826000 JavaThread "PortWatcher Thread for 127.0.0.1" [_thread_in_native, id=22464, stack(0x000000002af60000,0x000000002b060000)]
  0x0000000028d7c000 JavaThread "Connect thread 47.97.8.196 session" [_thread_in_native, id=21684, stack(0x0000000029a10000,0x0000000029b10000)]
  0x0000000026d78800 JavaThread "lettuce-timer-3-1" daemon [_thread_blocked, id=19500, stack(0x00000000268b0000,0x00000000269b0000)]
  0x000000001f783000 JavaThread "Service Thread" daemon [_thread_blocked, id=17116, stack(0x0000000020260000,0x0000000020360000)]
  0x000000001f6eb000 JavaThread "C1 CompilerThread3" daemon [_thread_blocked, id=21276, stack(0x0000000020160000,0x0000000020260000)]
  0x000000001f6f0000 JavaThread "C2 CompilerThread2" daemon [_thread_blocked, id=22756, stack(0x0000000020060000,0x0000000020160000)]
  0x000000001f6ef800 JavaThread "C2 CompilerThread1" daemon [_thread_blocked, id=9868, stack(0x000000001ff60000,0x0000000020060000)]
=>0x000000001f6d8000 JavaThread "C2 CompilerThread0" daemon [_thread_in_native, id=18352, stack(0x000000001fe60000,0x000000001ff60000)]
  0x000000001eba8800 JavaThread "JDWP Command Reader" daemon [_thread_in_native, id=6760, stack(0x000000001f560000,0x000000001f660000)]
  0x000000001eba7800 JavaThread "JDWP Event Helper Thread" daemon [_thread_blocked, id=18516, stack(0x000000001f460000,0x000000001f560000)]
  0x000000001eb9d000 JavaThread "JDWP Transport Listener: dt_socket" daemon [_thread_blocked, id=11324, stack(0x000000001f360000,0x000000001f460000)]
  0x000000001eb8e800 JavaThread "Attach Listener" daemon [_thread_blocked, id=17576, stack(0x000000001f260000,0x000000001f360000)]
  0x000000001eb8d800 JavaThread "Signal Dispatcher" daemon [_thread_blocked, id=20020, stack(0x000000001f160000,0x000000001f260000)]
  0x000000001eb80800 JavaThread "Finalizer" daemon [_thread_blocked, id=22308, stack(0x000000001ef60000,0x000000001f060000)]
  0x000000001cc8d800 JavaThread "Reference Handler" daemon [_thread_blocked, id=20972, stack(0x000000001ea60000,0x000000001eb60000)]

Other Threads:
  0x000000001cc89000 VMThread [stack: 0x000000001e960000,0x000000001ea60000] [id=10712]
  0x000000001f837000 WatcherThread [stack: 0x0000000020360000,0x0000000020460000] [id=16364]

VM state:not at safepoint (normal execution)

VM Mutex/Monitor currently owned by a thread: None

Heap:
 PSYoungGen      total 375808K, used 54683K [0x000000076b500000, 0x0000000788a80000, 0x00000007c0000000)
  eden space 360960K, 15% used [0x000000076b500000,0x000000076ea66f90,0x0000000781580000)
  from space 14848K, 0% used [0x0000000781580000,0x0000000781580000,0x0000000782400000)
  to   space 18432K, 0% used [0x0000000787880000,0x0000000787880000,0x0000000788a80000)
 ParOldGen       total 179712K, used 27898K [0x00000006c1e00000, 0x00000006ccd80000, 0x000000076b500000)
  object space 179712K, 15% used [0x00000006c1e00000,0x00000006c393ebf0,0x00000006ccd80000)
 Metaspace       used 56663K, capacity 60120K, committed 60248K, reserved 1101824K
  class space    used 7393K, capacity 7992K, committed 8064K, reserved 1048576K

Card table byte_map: [0x0000000012640000,0x0000000012e40000] byte_map_base: 0x000000000f031000

Marking Bits: (ParMarkBitMap*) 0x000000007108d850
 Begin Bits: [0x0000000013b90000, 0x0000000017b18000)
 End Bits:   [0x0000000017b18000, 0x000000001baa0000)

Polling page: 0x0000000002a30000

CodeCache: size=245760Kb used=18283Kb max_used=19834Kb free=227476Kb
 bounds [0x0000000003280000, 0x00000000045f0000, 0x0000000012280000]
 total_blobs=4929 nmethods=4414 adapters=434
 compilation: enabled

Compilation events (10 events):
Event: 54.273 Thread 0x000000001f6eb000 nmethod 5309 0x00000000035be690 code [0x00000000035be7e0, 0x00000000035be8d0]
Event: 54.273 Thread 0x000000001f6eb000 5310       1       sun.nio.ch.WindowsSelectorImpl::access$1500 (5 bytes)
Event: 54.273 Thread 0x000000001f6eb000 nmethod 5310 0x00000000035be3d0 code [0x00000000035be520, 0x00000000035be610]
Event: 56.273 Thread 0x000000001f6eb000 5312       3       java.util.concurrent.atomic.AtomicInteger::set (6 bytes)
Event: 56.273 Thread 0x000000001f6eb000 nmethod 5312 0x00000000035be010 code [0x00000000035be160, 0x00000000035be2b0]
Event: 56.273 Thread 0x000000001f6eb000 5311   !   3       sun.nio.ch.SelectorImpl::processDeregisterQueue (101 bytes)
Event: 56.274 Thread 0x000000001f6eb000 nmethod 5311 0x0000000004025810 code [0x0000000004025a40, 0x0000000004026618]
Event: 58.890 Thread 0x000000001f6ef800 5313       4       java.io.File::listFiles (52 bytes)
Event: 58.899 Thread 0x000000001f6ef800 nmethod 5313 0x000000000399cd10 code [0x000000000399cea0, 0x000000000399d3f8]
Event: 58.909 Thread 0x000000001f6d8000 5314       4       org.springframework.boot.devtools.filewatch.DirectorySnapshot::collectFiles (99 bytes)

GC Heap History (10 events):
Event: 6.135 GC heap before
{Heap before GC invocations=8 (full 1):
 PSYoungGen      total 232448K, used 36630K [0x000000076b500000, 0x000000077a600000, 0x00000007c0000000)
  eden space 222720K, 12% used [0x000000076b500000,0x000000076cf4c928,0x0000000778e80000)
  from space 9728K, 99% used [0x0000000779c80000,0x000000077a5f9260,0x000000077a600000)
  to   space 11776K, 0% used [0x0000000778f00000,0x0000000778f00000,0x0000000779a80000)
 ParOldGen       total 85504K, used 6337K [0x00000006c1e00000, 0x00000006c7180000, 0x000000076b500000)
  object space 85504K, 7% used [0x00000006c1e00000,0x00000006c2430450,0x00000006c7180000)
 Metaspace       used 33343K, capacity 35320K, committed 35416K, reserved 1079296K
  class space    used 4309K, capacity 4678K, committed 4736K, reserved 1048576K
Event: 6.142 GC heap after
Heap after GC invocations=8 (full 1):
 PSYoungGen      total 235008K, used 8068K [0x000000076b500000, 0x0000000783280000, 0x00000007c0000000)
  eden space 223232K, 0% used [0x000000076b500000,0x000000076b500000,0x0000000778f00000)
  from space 11776K, 68% used [0x0000000778f00000,0x00000007796e13d8,0x0000000779a80000)
  to   space 11264K, 0% used [0x0000000782780000,0x0000000782780000,0x0000000783280000)
 ParOldGen       total 85504K, used 6345K [0x00000006c1e00000, 0x00000006c7180000, 0x000000076b500000)
  object space 85504K, 7% used [0x00000006c1e00000,0x00000006c2432450,0x00000006c7180000)
 Metaspace       used 33343K, capacity 35320K, committed 35416K, reserved 1079296K
  class space    used 4309K, capacity 4678K, committed 4736K, reserved 1048576K
}
Event: 6.142 GC heap before
{Heap before GC invocations=9 (full 2):
 PSYoungGen      total 235008K, used 8068K [0x000000076b500000, 0x0000000783280000, 0x00000007c0000000)
  eden space 223232K, 0% used [0x000000076b500000,0x000000076b500000,0x0000000778f00000)
  from space 11776K, 68% used [0x0000000778f00000,0x00000007796e13d8,0x0000000779a80000)
  to   space 11264K, 0% used [0x0000000782780000,0x0000000782780000,0x0000000783280000)
 ParOldGen       total 85504K, used 6345K [0x00000006c1e00000, 0x00000006c7180000, 0x000000076b500000)
  object space 85504K, 7% used [0x00000006c1e00000,0x00000006c2432450,0x00000006c7180000)
 Metaspace       used 33343K, capacity 35320K, committed 35416K, reserved 1079296K
  class space    used 4309K, capacity 4678K, committed 4736K, reserved 1048576K
Event: 6.199 GC heap after
Heap after GC invocations=9 (full 2):
 PSYoungGen      total 235008K, used 0K [0x000000076b500000, 0x0000000783280000, 0x00000007c0000000)
  eden space 223232K, 0% used [0x000000076b500000,0x000000076b500000,0x0000000778f00000)
  from space 11776K, 0% used [0x0000000778f00000,0x0000000778f00000,0x0000000779a80000)
  to   space 11264K, 0% used [0x0000000782780000,0x0000000782780000,0x0000000783280000)
 ParOldGen       total 126464K, used 12186K [0x00000006c1e00000, 0x00000006c9980000, 0x000000076b500000)
  object space 126464K, 9% used [0x00000006c1e00000,0x00000006c29e6878,0x00000006c9980000)
 Metaspace       used 33343K, capacity 35320K, committed 35416K, reserved 1079296K
  class space    used 4309K, capacity 4678K, committed 4736K, reserved 1048576K
}
Event: 10.133 GC heap before
{Heap before GC invocations=10 (full 2):
 PSYoungGen      total 235008K, used 223232K [0x000000076b500000, 0x0000000783280000, 0x00000007c0000000)
  eden space 223232K, 100% used [0x000000076b500000,0x0000000778f00000,0x0000000778f00000)
  from space 11776K, 0% used [0x0000000778f00000,0x0000000778f00000,0x0000000779a80000)
  to   space 11264K, 0% used [0x0000000782780000,0x0000000782780000,0x0000000783280000)
 ParOldGen       total 126464K, used 12186K [0x00000006c1e00000, 0x00000006c9980000, 0x000000076b500000)
  object space 126464K, 9% used [0x00000006c1e00000,0x00000006c29e6878,0x00000006c9980000)
 Metaspace       used 45863K, capacity 48528K, committed 48728K, reserved 1091584K
  class space    used 5969K, capacity 6456K, committed 6528K, reserved 1048576K
Event: 10.147 GC heap after
Heap after GC invocations=10 (full 2):
 PSYoungGen      total 355840K, used 11239K [0x000000076b500000, 0x0000000783280000, 0x00000007c0000000)
  eden space 344576K, 0% used [0x000000076b500000,0x000000076b500000,0x0000000780580000)
  from space 11264K, 99% used [0x0000000782780000,0x0000000783279ee0,0x0000000783280000)
  to   space 14848K, 0% used [0x0000000781580000,0x0000000781580000,0x0000000782400000)
 ParOldGen       total 126464K, used 17080K [0x00000006c1e00000, 0x00000006c9980000, 0x000000076b500000)
  object space 126464K, 13% used [0x00000006c1e00000,0x00000006c2eae140,0x00000006c9980000)
 Metaspace       used 45863K, capacity 48528K, committed 48728K, reserved 1091584K
  class space    used 5969K, capacity 6456K, committed 6528K, reserved 1048576K
}
Event: 19.357 GC heap before
{Heap before GC invocations=11 (full 2):
 PSYoungGen      total 355840K, used 233292K [0x000000076b500000, 0x0000000783280000, 0x00000007c0000000)
  eden space 344576K, 64% used [0x000000076b500000,0x0000000778dd9480,0x0000000780580000)
  from space 11264K, 99% used [0x0000000782780000,0x0000000783279ee0,0x0000000783280000)
  to   space 14848K, 0% used [0x0000000781580000,0x0000000781580000,0x0000000782400000)
 ParOldGen       total 126464K, used 17080K [0x00000006c1e00000, 0x00000006c9980000, 0x000000076b500000)
  object space 126464K, 13% used [0x00000006c1e00000,0x00000006c2eae140,0x00000006c9980000)
 Metaspace       used 55539K, capacity 58858K, committed 59028K, reserved 1099776K
  class space    used 7237K, capacity 7813K, committed 7936K, reserved 1048576K
Event: 19.371 GC heap after
Heap after GC invocations=11 (full 2):
 PSYoungGen      total 375808K, used 14839K [0x000000076b500000, 0x0000000788a80000, 0x00000007c0000000)
  eden space 360960K, 0% used [0x000000076b500000,0x000000076b500000,0x0000000781580000)
  from space 14848K, 99% used [0x0000000781580000,0x00000007823fdf38,0x0000000782400000)
  to   space 18432K, 0% used [0x0000000787880000,0x0000000787880000,0x0000000788a80000)
 ParOldGen       total 126464K, used 21587K [0x00000006c1e00000, 0x00000006c9980000, 0x000000076b500000)
  object space 126464K, 17% used [0x00000006c1e00000,0x00000006c3314d90,0x00000006c9980000)
 Metaspace       used 55539K, capacity 58858K, committed 59028K, reserved 1099776K
  class space    used 7237K, capacity 7813K, committed 7936K, reserved 1048576K
}
Event: 19.371 GC heap before
{Heap before GC invocations=12 (full 3):
 PSYoungGen      total 375808K, used 14839K [0x000000076b500000, 0x0000000788a80000, 0x00000007c0000000)
  eden space 360960K, 0% used [0x000000076b500000,0x000000076b500000,0x0000000781580000)
  from space 14848K, 99% used [0x0000000781580000,0x00000007823fdf38,0x0000000782400000)
  to   space 18432K, 0% used [0x0000000787880000,0x0000000787880000,0x0000000788a80000)
 ParOldGen       total 126464K, used 21587K [0x00000006c1e00000, 0x00000006c9980000, 0x000000076b500000)
  object space 126464K, 17% used [0x00000006c1e00000,0x00000006c3314d90,0x00000006c9980000)
 Metaspace       used 55539K, capacity 58858K, committed 59028K, reserved 1099776K
  class space    used 7237K, capacity 7813K, committed 7936K, reserved 1048576K
Event: 19.503 GC heap after
Heap after GC invocations=12 (full 3):
 PSYoungGen      total 375808K, used 0K [0x000000076b500000, 0x0000000788a80000, 0x00000007c0000000)
  eden space 360960K, 0% used [0x000000076b500000,0x000000076b500000,0x0000000781580000)
  from space 14848K, 0% used [0x0000000781580000,0x0000000781580000,0x0000000782400000)
  to   space 18432K, 0% used [0x0000000787880000,0x0000000787880000,0x0000000788a80000)
 ParOldGen       total 179712K, used 27898K [0x00000006c1e00000, 0x00000006ccd80000, 0x000000076b500000)
  object space 179712K, 15% used [0x00000006c1e00000,0x00000006c393ebf0,0x00000006ccd80000)
 Metaspace       used 55531K, capacity 58846K, committed 59028K, reserved 1099776K
  class space    used 7236K, capacity 7811K, committed 7936K, reserved 1048576K
}

Deoptimization events (10 events):
Event: 19.833 Thread 0x000000002955b000 Uncommon trap: reason=unhandled action=none pc=0x0000000003a71c7c method=java.net.URLClassLoader.findClass(Ljava/lang/String;)Ljava/lang/Class; @ 44
Event: 19.889 Thread 0x0000000028f2f000 Uncommon trap: reason=unhandled action=none pc=0x0000000003a71c7c method=java.net.URLClassLoader.findClass(Ljava/lang/String;)Ljava/lang/Class; @ 44
Event: 19.891 Thread 0x0000000028f2f000 Uncommon trap: reason=unhandled action=none pc=0x0000000003a71c7c method=java.net.URLClassLoader.findClass(Ljava/lang/String;)Ljava/lang/Class; @ 44
Event: 19.893 Thread 0x0000000028f2f000 Uncommon trap: reason=unhandled action=none pc=0x0000000003a71c7c method=java.net.URLClassLoader.findClass(Ljava/lang/String;)Ljava/lang/Class; @ 44
Event: 19.949 Thread 0x0000000028f2f000 Uncommon trap: reason=unhandled action=none pc=0x0000000003a71c7c method=java.net.URLClassLoader.findClass(Ljava/lang/String;)Ljava/lang/Class; @ 44
Event: 19.950 Thread 0x0000000028f2f000 Uncommon trap: reason=unhandled action=none pc=0x0000000003a71c7c method=java.net.URLClassLoader.findClass(Ljava/lang/String;)Ljava/lang/Class; @ 44
Event: 20.184 Thread 0x0000000028f2f000 Uncommon trap: reason=unhandled action=none pc=0x0000000003a71c7c method=java.net.URLClassLoader.findClass(Ljava/lang/String;)Ljava/lang/Class; @ 44
Event: 20.188 Thread 0x0000000028f2f000 Uncommon trap: reason=unhandled action=none pc=0x0000000003a71c7c method=java.net.URLClassLoader.findClass(Ljava/lang/String;)Ljava/lang/Class; @ 44
Event: 20.189 Thread 0x0000000028f2f000 Uncommon trap: reason=unhandled action=none pc=0x0000000003a71c7c method=java.net.URLClassLoader.findClass(Ljava/lang/String;)Ljava/lang/Class; @ 44
Event: 20.190 Thread 0x0000000028f2f000 Uncommon trap: reason=unhandled action=none pc=0x0000000003a71c7c method=java.net.URLClassLoader.findClass(Ljava/lang/String;)Ljava/lang/Class; @ 44

Internal exceptions (10 events):
Event: 13.098 Thread 0x0000000022516000 Exception <a 'java/lang/ArrayIndexOutOfBoundsException': 115> (0x00000007755c2e20) thrown at [C:\re\workspace\8-2-build-windows-amd64-cygwin\jdk8u151\9699\hotspot\src\share\vm\interpreter\interpreterRuntime.cpp, line 366]
Event: 13.099 Thread 0x0000000022516000 Exception <a 'java/lang/ArrayIndexOutOfBoundsException': 179> (0x00000007755c5048) thrown at [C:\re\workspace\8-2-build-windows-amd64-cygwin\jdk8u151\9699\hotspot\src\share\vm\interpreter\interpreterRuntime.cpp, line 366]
Event: 13.099 Thread 0x0000000022516000 Exception <a 'java/lang/ArrayIndexOutOfBoundsException': 184> (0x00000007755c79a0) thrown at [C:\re\workspace\8-2-build-windows-amd64-cygwin\jdk8u151\9699\hotspot\src\share\vm\interpreter\interpreterRuntime.cpp, line 366]
Event: 13.665 Thread 0x0000000022516000 Exception <a 'java/lang/ArrayIndexOutOfBoundsException': 128> (0x0000000776c640c8) thrown at [C:\re\workspace\8-2-build-windows-amd64-cygwin\jdk8u151\9699\hotspot\src\share\vm\interpreter\interpreterRuntime.cpp, line 366]
Event: 13.670 Thread 0x0000000022516000 Exception <a 'java/lang/ArrayIndexOutOfBoundsException': 129> (0x0000000776c85a00) thrown at [C:\re\workspace\8-2-build-windows-amd64-cygwin\jdk8u151\9699\hotspot\src\share\vm\interpreter\interpreterRuntime.cpp, line 366]
Event: 19.614 Thread 0x0000000028f2f000 Exception <a 'java/lang/NoSuchMethodError': <clinit>> (0x000000076b92b0b0) thrown at [C:\re\workspace\8-2-build-windows-amd64-cygwin\jdk8u151\9699\hotspot\src\share\vm\prims\jni.cpp, line 1613]
Event: 19.619 Thread 0x0000000028f2f000 Implicit null exception at 0x00000000037aef1f to 0x00000000037af4c1
Event: 19.635 Thread 0x0000000028f2f000 Implicit null exception at 0x000000000458bbbc to 0x000000000458be55
Event: 19.684 Thread 0x0000000028f2f000 Exception <a 'java/lang/ArrayIndexOutOfBoundsException': 38> (0x000000076cd0c0f0) thrown at [C:\re\workspace\8-2-build-windows-amd64-cygwin\jdk8u151\9699\hotspot\src\share\vm\interpreter\interpreterRuntime.cpp, line 366]
Event: 19.690 Thread 0x0000000028f2f000 Exception <a 'java/lang/ArrayIndexOutOfBoundsException': 78> (0x000000076cd7eea0) thrown at [C:\re\workspace\8-2-build-windows-amd64-cygwin\jdk8u151\9699\hotspot\src\share\vm\interpreter\interpreterRuntime.cpp, line 366]

Events (10 events):
Event: 20.194 Executing VM operation: RevokeBias
Event: 20.194 Executing VM operation: RevokeBias done
Event: 20.195 loading class javax/servlet/http/HttpServletResponse
Event: 20.195 loading class javax/servlet/http/HttpServletResponse done
Event: 20.195 loading class javax/servlet/http/HttpServletResponse
Event: 20.195 loading class javax/servlet/http/HttpServletResponse done
Event: 20.196 Executing VM operation: RevokeBias
Event: 20.196 Executing VM operation: RevokeBias done
Event: 20.256 Executing VM operation: RevokeBias
Event: 20.256 Executing VM operation: RevokeBias done


Dynamic libraries:
0x00007ff7167f0000 - 0x00007ff716827000 	D:\Java\jdk1.8.0_151\bin\javaw.exe
0x00007ffb7c1e0000 - 0x00007ffb7c3cc000 	C:\Windows\SYSTEM32\ntdll.dll
0x00007ffb7b150000 - 0x00007ffb7b203000 	C:\Windows\System32\KERNEL32.DLL
0x00007ffb78690000 - 0x00007ffb78924000 	C:\Windows\System32\KERNELBASE.dll
0x00007ffb7c100000 - 0x00007ffb7c1a3000 	C:\Windows\System32\ADVAPI32.dll
0x00007ffb7aeb0000 - 0x00007ffb7af4e000 	C:\Windows\System32\msvcrt.dll
0x00007ffb7b870000 - 0x00007ffb7b90e000 	C:\Windows\System32\sechost.dll
0x00007ffb7b220000 - 0x00007ffb7b33f000 	C:\Windows\System32\RPCRT4.dll
0x00007ffb7aca0000 - 0x00007ffb7ae37000 	C:\Windows\System32\USER32.dll
0x00007ffb78960000 - 0x00007ffb78980000 	C:\Windows\System32\win32u.dll
0x00007ffb7ab00000 - 0x00007ffb7ab29000 	C:\Windows\System32\GDI32.dll
0x00007ffb78370000 - 0x00007ffb7850c000 	C:\Windows\System32\gdi32full.dll
0x00007ffb78c20000 - 0x00007ffb78cc0000 	C:\Windows\System32\msvcp_win.dll
0x00007ffb78590000 - 0x00007ffb7868a000 	C:\Windows\System32\ucrtbase.dll
0x00007ffb76bd0000 - 0x00007ffb76e49000 	C:\Windows\WinSxS\amd64_microsoft.windows.common-controls_6595b64144ccf1df_6.0.17763.1879_none_de7416585348d805\COMCTL32.dll
0x00007ffb7b940000 - 0x00007ffb7bc6d000 	C:\Windows\System32\combase.dll
0x00007ffb782f0000 - 0x00007ffb7836f000 	C:\Windows\System32\bcryptPrimitives.dll
0x00007ffb795d0000 - 0x00007ffb795fe000 	C:\Windows\System32\IMM32.DLL
0x0000000002980000 - 0x0000000002992000 	C:\Windows\System32\umppc13213.dll
0x00007ffb769f0000 - 0x00007ffb76b14000 	C:\Program Files\Avecto\Privilege Guard Client\PGHook.dll
0x00007ffb79600000 - 0x00007ffb7aaf9000 	C:\Windows\System32\shell32.dll
0x00007ffb782a0000 - 0x00007ffb782ea000 	C:\Windows\System32\cfgmgr32.dll
0x00007ffb7bf70000 - 0x00007ffb7c018000 	C:\Windows\System32\shcore.dll
0x00007ffb78cc0000 - 0x00007ffb7940b000 	C:\Windows\System32\windows.storage.dll
0x00007ffb78270000 - 0x00007ffb78294000 	C:\Windows\System32\profapi.dll
0x00007ffb78210000 - 0x00007ffb7826d000 	C:\Windows\System32\powrprof.dll
0x00007ffb7c0a0000 - 0x00007ffb7c0f2000 	C:\Windows\System32\shlwapi.dll
0x00007ffb781f0000 - 0x00007ffb78201000 	C:\Windows\System32\kernel.appcore.dll
0x00007ffb78570000 - 0x00007ffb78587000 	C:\Windows\System32\cryptsp.dll
0x00007ffb775a0000 - 0x00007ffb775d3000 	C:\Windows\system32\rsaenh.dll
0x00007ffb78930000 - 0x00007ffb78956000 	C:\Windows\System32\bcrypt.dll
0x00007ffb77be0000 - 0x00007ffb77bec000 	C:\Windows\SYSTEM32\CRYPTBASE.dll
0x00007ffb51ba0000 - 0x00007ffb51c44000 	C:\Program Files\McAfee\Endpoint Security\Threat Prevention\Ips\EpMPApi.dll
0x00007ffb78510000 - 0x00007ffb78569000 	C:\Windows\System32\WINTRUST.dll
0x00007ffb781d0000 - 0x00007ffb781e2000 	C:\Windows\System32\MSASN1.dll
0x00007ffb78980000 - 0x00007ffb78b63000 	C:\Windows\System32\CRYPT32.dll
0x0000000074000000 - 0x000000007400c000 	C:\Program Files\McAfee\Endpoint Security\Threat Prevention\Ips\EpMPThe.dll
0x000000006cd60000 - 0x000000006ce32000 	D:\Java\jdk1.8.0_151\jre\bin\msvcr100.dll
0x0000000070870000 - 0x000000007110d000 	D:\Java\jdk1.8.0_151\jre\bin\server\jvm.dll
0x00007ffb7bd50000 - 0x00007ffb7bd58000 	C:\Windows\System32\PSAPI.DLL
0x00007ffb6b030000 - 0x00007ffb6b039000 	C:\Windows\SYSTEM32\WSOCK32.dll
0x00007ffb7ae40000 - 0x00007ffb7aead000 	C:\Windows\System32\WS2_32.dll
0x00007ffb6d6e0000 - 0x00007ffb6d704000 	C:\Windows\SYSTEM32\WINMM.dll
0x00007ffb70ad0000 - 0x00007ffb70ada000 	C:\Windows\SYSTEM32\VERSION.dll
0x00007ffb6d190000 - 0x00007ffb6d1bd000 	C:\Windows\SYSTEM32\WINMMBASE.dll
0x0000000071740000 - 0x000000007174f000 	D:\Java\jdk1.8.0_151\jre\bin\verify.dll
0x0000000071710000 - 0x0000000071739000 	D:\Java\jdk1.8.0_151\jre\bin\java.dll
0x000000006d1f0000 - 0x000000006d225000 	D:\Java\jdk1.8.0_151\jre\bin\jdwp.dll
0x0000000071110000 - 0x0000000071118000 	D:\Java\jdk1.8.0_151\jre\bin\npt.dll
0x000000006d1c0000 - 0x000000006d1e3000 	D:\Java\jdk1.8.0_151\jre\bin\instrument.dll
0x00000000716f0000 - 0x0000000071706000 	D:\Java\jdk1.8.0_151\jre\bin\zip.dll
0x0000000070860000 - 0x0000000070869000 	D:\Java\jdk1.8.0_151\jre\bin\dt_socket.dll
0x00007ffb5f1e0000 - 0x00007ffb5f1f6000 	C:\Windows\system32\napinsp.dll
0x00007ffb5f200000 - 0x00007ffb5f21a000 	C:\Windows\system32\pnrpnsp.dll
0x00007ffb77a10000 - 0x00007ffb77a77000 	C:\Windows\System32\mswsock.dll
0x00007ffb77770000 - 0x00007ffb77836000 	C:\Windows\SYSTEM32\DNSAPI.dll
0x00007ffb7b910000 - 0x00007ffb7b918000 	C:\Windows\System32\NSI.dll
0x00007ffb77730000 - 0x00007ffb7776d000 	C:\Windows\SYSTEM32\IPHLPAPI.DLL
0x00007ffb6ae60000 - 0x00007ffb6ae6e000 	C:\Windows\System32\winrnr.dll
0x00007ffb6faf0000 - 0x00007ffb6fb0b000 	C:\Windows\system32\NLAapi.dll
0x00007ffb71790000 - 0x00007ffb717a5000 	C:\Windows\system32\wshbth.dll
0x00007ffb71ff0000 - 0x00007ffb72069000 	C:\Windows\System32\fwpuclnt.dll
0x00007ffb6db90000 - 0x00007ffb6db9a000 	C:\Windows\System32\rasadhlp.dll
0x0000000071750000 - 0x000000007175d000 	D:\Java\jdk1.8.0_151\jre\bin\management.dll
0x0000000071640000 - 0x000000007165a000 	D:\Java\jdk1.8.0_151\jre\bin\net.dll
0x0000000071620000 - 0x0000000071631000 	D:\Java\jdk1.8.0_151\jre\bin\nio.dll
0x0000000028330000 - 0x00000000285b2000 	D:\software\apache-tomcat-8.5.43-windows-x64\apache-tomcat-8.5.43\bin\tcnative-1.dll
0x00007ffb78100000 - 0x00007ffb78129000 	C:\Windows\SYSTEM32\USERENV.dll
0x00007ffb71f60000 - 0x00007ffb71f76000 	C:\Windows\SYSTEM32\dhcpcsvc6.DLL
0x00007ffb71db0000 - 0x00007ffb71dcc000 	C:\Windows\SYSTEM32\dhcpcsvc.DLL
0x0000000071300000 - 0x0000000071324000 	D:\Java\jdk1.8.0_151\jre\bin\sunec.dll
0x0000000071610000 - 0x000000007161b000 	D:\Java\jdk1.8.0_151\jre\bin\sunmscapi.dll

VM Arguments:
jvm_args: -agentlib:jdwp=transport=dt_socket,suspend=y,address=localhost:59665 -javaagent:D:\software\other\eclipse\eclipse\configuration\org.eclipse.osgi\1101\0\.cp\lib\javaagent-shaded.jar -Dfile.encoding=UTF-8 
java_command: com.java.example.demo.DemoApplication
java_class_path (initial): D:\localCodes\training\JavaTempProj\target\classes;D:\.m2\repository\org\springframework\boot\spring-boot-starter-data-redis\2.4.5\spring-boot-starter-data-redis-2.4.5.jar;D:\.m2\repository\org\springframework\boot\spring-boot-starter\2.4.5\spring-boot-starter-2.4.5.jar;D:\.m2\repository\org\springframework\boot\spring-boot-starter-logging\2.4.5\spring-boot-starter-logging-2.4.5.jar;D:\.m2\repository\ch\qos\logback\logback-classic\1.2.3\logback-classic-1.2.3.jar;D:\.m2\repository\ch\qos\logback\logback-core\1.2.3\logback-core-1.2.3.jar;D:\.m2\repository\org\apache\logging\log4j\log4j-to-slf4j\2.13.3\log4j-to-slf4j-2.13.3.jar;D:\.m2\repository\org\apache\logging\log4j\log4j-api\2.13.3\log4j-api-2.13.3.jar;D:\.m2\repository\org\slf4j\jul-to-slf4j\1.7.30\jul-to-slf4j-1.7.30.jar;D:\.m2\repository\jakarta\annotation\jakarta.annotation-api\1.3.5\jakarta.annotation-api-1.3.5.jar;D:\.m2\repository\org\yaml\snakeyaml\1.27\snakeyaml-1.27.jar;D:\.m2\repository\org\springframework\data\spring-data-redis\2.4.8\spring-data-redis-2.4.8.jar;D:\.m2\repository\org\springframework\data\spring-data-keyvalue\2.4.8\spring-data-keyvalue-2.4.8.jar;D:\.m2\repository\org\springframework\data\spring-data-commons\2.4.8\spring-data-commons-2.4.8.jar;D:\.m2\repository\org\springframework\spring-tx\5.3.6\spring-tx-5.3.6.jar;D:\.m2\repository\org\springframework\spring-oxm\5.3.6\spring-oxm-5.3.6.jar;D:\.m2\repository\io\lettuce\lettuce-core\6.0.4.RELEASE\lettuce-core-6.0.4.RELEASE.jar;D:\.m2\repository\io\netty\netty-common\4.1.63.Final\netty-common-4.1.63.Final.jar;D:\.m2\repository\io\netty\netty-handler\4.1.63.Final\netty-handler-4.1.63.Final.jar;D:\.m2\repository\io\netty\netty-resolver\4.1.63.Final\netty-resolver-4.1.63.Final.jar;D:\.m2\repository\io\netty\netty-buffer\4.1.63.Final\netty-buffer-4.1.63.Final.jar;D:\.m2\repository\io\netty\netty-codec\4.1.63.Final\netty-codec-4.1.63.Final.jar;D:\.m2\repository\io\netty\netty-transport\4.1.63.Final\netty-transport-4.
Launcher Type: SUN_STANDARD

Environment Variables:
JAVA_HOME=D:\Java\jdk1.8.0_151
CLASSPATH=D:\Java\jdk1.8.0_151\lib;D:\Java\jdk1.8.0_151\lib\dt.jar;D:\Java\jdk1.8.0_151\lib\tools.jar
PATH=D:\Java\jdk1.8.0_151\jre\bin;D:/Java/jdk1.8.0_151/bin/../jre/bin/server;D:/Java/jdk1.8.0_151/bin/../jre/bin;D:/Java/jdk1.8.0_151/bin/../jre/lib/amd64;D:\Java\jdk1.8.0_151\bin;C:\ProgramData\Oracle\Java\javapath;C:\Program Files (x86)\Common Files\Oracle\Java\javapath;C:\Windows\system32;C:\Windows;C:\Windows\System32\Wbem;C:\Windows\System32\WindowsPowerShell\v1.0\;C:\Windows\System32\OpenSSH\;C:\Users\cdadmin2\AppData\Local\Microsoft\WindowsApps;C:\windows\Scoop\shims;D:\software\apache-ant-1.10.6\bin;D:\software\apache-jmeter-5.1.1\bin;D:\software\apache-maven-3.6.1\bin;D:\software\apache-tomcat-8.5.43-windows-x64\apache-tomcat-8.5.43\bin;D:\Program Files\TortoiseGit\bin;D:\Program Files\Git\cmd;D:\software\sonar-scanner-4.2.0.1873-windows\bin;D:\Program Files\nodejs\;C:\Users\jiechen\AppData\Local\Microsoft\WindowsApps;C:\Users\jiechen\AppData\Local\Programs\Microsoft VS Code\bin;C:\Users\jiechen\AppData\Roaming\npm;D:\software\apache-maven-3.6.1\bin;D:\software\sonar-scanner-4.2.0.1873-windows\bin;;D:\software\other\eclipse\eclipse;
USERNAME=jiechen
OS=Windows_NT
PROCESSOR_IDENTIFIER=Intel64 Family 6 Model 142 Stepping 11, GenuineIntel



---------------  S Y S T E M  ---------------

OS: Windows 10.0 , 64 bit Build 17763 (10.0.17763.1879)

CPU:total 8 (initial active 8) (4 cores per cpu, 2 threads per core) family 6 model 142 stepping 11, cmov, cx8, fxsr, mmx, sse, sse2, sse3, ssse3, sse4.1, sse4.2, popcnt, avx, avx2, aes, clmul, erms, 3dnowpref, lzcnt, ht, tsc, tscinvbit, bmi1, bmi2, adx

Memory: 4k page, physical 16647056k(2942600k free), swap 29741580k(5200k free)

vm_info: Java HotSpot(TM) 64-Bit Server VM (25.151-b12) for windows-amd64 JRE (1.8.0_151-b12), built on Sep  5 2017 19:33:46 by "java_re" with MS VC++ 10.0 (VS2010)

time: Fri Apr 23 14:28:59 2021
elapsed time: 59 seconds (0d 0h 0m 59s)

